<?xml version="1.0" encoding="UTF-8"?>
<!-- Generated by org.testng.reporters.JUnitXMLReporter -->
<testsuite ignored="0" hostname="SREE-ANVI" failures="0" tests="5" name="Default test" time="21.831" errors="0" timestamp="2026-01-07T11:43:44 EST">
  <testcase classname="testCases.TC02_Login" name="testLogin" time="2.181"/>
  <testcase classname="testCases.TC02_Login" name="testLogin" time="1.442"/>
  <testcase classname="testCases.TC02_Login" name="testLogin" time="1.352"/>
  <testcase classname="testCases.TC02_Login" name="testLogin" time="1.335"/>
  <testcase classname="testCases.TC02_Login" name="testLogin" time="1.51"/>
</testsuite> <!-- Default test -->
