<?xml version="1.0" encoding="UTF-8"?>
<!-- Generated by org.testng.reporters.JUnitXMLReporter -->
<testsuite ignored="0" hostname="SREE-ANVI" failures="0" tests="10" name="Test" time="62.17" errors="0" timestamp="2026-01-07T12:45:32 EST">
  <testcase classname="testCases.TC01_LaunchApplication" name="testLaunchApplication" time="0.112"/>
  <testcase classname="testCases.TC03_AddToCart" name="testAddToCart" time="3.788"/>
  <testcase classname="testCases.TC05_AddToWishList" name="testAddToWishList" time="4.011"/>
  <testcase classname="testCases.TC06_AddAffiliate" name="testAddAffiliate" time="4.766"/>
  <testcase classname="testCases.TC02_Login" name="testLogin" time="2.021"/>
  <testcase classname="testCases.TC02_Login" name="testLogin" time="1.375"/>
  <testcase classname="testCases.TC02_Login" name="testLogin" time="1.339"/>
  <testcase classname="testCases.TC02_Login" name="testLogin" time="1.3"/>
  <testcase classname="testCases.TC02_Login" name="testLogin" time="1.415"/>
  <testcase classname="testCases.TC04_CompletePurchase" name="testCompletePurchase" time="7.444"/>
</testsuite> <!-- Test -->
