<?xml version="1.0" encoding="UTF-8"?>
<!-- Generated by org.testng.reporters.JUnitXMLReporter -->
<testsuite ignored="0" hostname="SREE-ANVI" failures="0" tests="10" name="chromeTest" time="85.327" errors="0" timestamp="2026-01-12T05:21:25 EST">
  <testcase classname="testCases.TC01_LaunchApplication" name="testLaunchApplication" time="0.22"/>
  <testcase classname="testCases.TC03_AddToCart" name="testAddToCart" time="7.608"/>
  <testcase classname="testCases.TC05_AddToWishList" name="testAddToWishList" time="6.765"/>
  <testcase classname="testCases.TC06_AddAffiliate" name="testAddAffiliate" time="7.838"/>
  <testcase classname="testCases.TC02_Login" name="testLogin" time="3.827"/>
  <testcase classname="testCases.TC02_Login" name="testLogin" time="3.426"/>
  <testcase classname="testCases.TC02_Login" name="testLogin" time="4.355"/>
  <testcase classname="testCases.TC02_Login" name="testLogin" time="2.532"/>
  <testcase classname="testCases.TC02_Login" name="testLogin" time="2.23"/>
  <testcase classname="testCases.TC04_CompletePurchase" name="testCompletePurchase" time="11.29"/>
</testsuite> <!-- chromeTest -->
