<?xml version="1.0" encoding="UTF-8"?>
<!-- Generated by org.testng.reporters.JUnitXMLReporter -->
<testsuite ignored="0" hostname="SREE-ANVI" failures="1" tests="12" name="edgeTest" time="113.156" errors="0" timestamp="2026-01-12T05:21:52 EST">
  <testcase classname="testCases.TC01_LaunchApplication" name="testLaunchApplication" time="0.168"/>
  <testcase classname="testCases.TC03_AddToCart" name="testAddToCart" time="8.951"/>
  <testcase classname="testCases.TC05_AddToWishList" name="testAddToWishList" time="5.886"/>
  <testcase classname="testCases.TC06_AddAffiliate" name="testAddAffiliate" time="8.927"/>
  <testcase classname="testCases.TC02_Login" name="testLogin" time="3.463"/>
  <testcase classname="testCases.TC02_Login" name="testLogin" time="3.319"/>
  <testcase classname="testCases.TC02_Login" name="testLogin" time="3.81"/>
  <testcase classname="testCases.TC02_Login" name="testLogin" time="2.407"/>
  <testcase classname="testCases.TC02_Login" name="testLogin" time="2.261"/>
  <testcase classname="testCases.TC04_CompletePurchase" name="testCompletePurchase" time="11.67">
    <skipped/>
  </testcase> <!-- testCompletePurchase -->
  <testcase classname="testCases.TC04_CompletePurchase" name="testCompletePurchase" time="16.685">
    <skipped/>
  </testcase> <!-- testCompletePurchase -->
  <testcase classname="testCases.TC04_CompletePurchase" name="testCompletePurchase" time="12.202">
    <failure type="java.lang.AssertionError" message="Test failed due to exception: element not interactable
  (Session info: MicrosoftEdge=143.0.3650.139)
Build info: version: &amp;apos;4.38.0&amp;apos;, revision: &amp;apos;6b412e825c*&amp;apos;
System info: os.name: &amp;apos;Windows 11&amp;apos;, os.arch: &amp;apos;amd64&amp;apos;, os.version: &amp;apos;10.0&amp;apos;, java.version: &amp;apos;21.0.9&amp;apos;
Driver info: org.openqa.selenium.remote.RemoteWebDriver
Command: [947edf54a9e02a9909b266c6197d88ff, clickElement {id=f.59EB6FF66EDFA88BA5AB78B22F51A444.d.D42E363AC5687E7CBDB4EE4363E8AE8C.e.10287}]
Capabilities {acceptInsecureCerts: false, browserName: MicrosoftEdge, browserVersion: 143.0.3650.139, fedcm:accounts: true, goog:processID: 24124, ms:edgeOptions: {debuggerAddress: localhost:56885}, msedge: {msedgedriverVersion: 143.0.3650.139 (30ed6d0ef65..., userDataDir: C:\Users\SREEANVI\AppData\L...}, networkConnectionEnabled: false, pageLoadStrategy: normal, platformName: Windows 11, proxy: Proxy(), se:bidiEnabled: false, se:cdp: ws://192.168.1.171:4444/ses..., se:cdpVersion: 143.0.3650.139, setWindowRect: true, strictFileInteractability: false, timeouts: {implicit: 0, pageLoad: 300000, script: 30000}, unhandledPromptBehavior: dismiss and notify, webauthn:extension:credBlob: true, webauthn:extension:largeBlob: true, webauthn:extension:minPinLength: true, webauthn:extension:prf: true, webauthn:virtualAuthenticators: true}
Element: [[RemoteWebDriver: MicrosoftEdge on Windows 11 (947edf54a9e02a9909b266c6197d88ff)] -&amp;gt; xpath: //a[normalize-space()=&amp;apos;HP LP3065&amp;apos;]]
Session ID: 947edf54a9e02a9909b266c6197d88ff">
      <![CDATA[java.lang.AssertionError: Test failed due to exception: element not interactable
  (Session info: MicrosoftEdge=143.0.3650.139)
Build info: version: '4.38.0', revision: '6b412e825c*'
System info: os.name: 'Windows 11', os.arch: 'amd64', os.version: '10.0', java.version: '21.0.9'
Driver info: org.openqa.selenium.remote.RemoteWebDriver
Command: [947edf54a9e02a9909b266c6197d88ff, clickElement {id=f.59EB6FF66EDFA88BA5AB78B22F51A444.d.D42E363AC5687E7CBDB4EE4363E8AE8C.e.10287}]
Capabilities {acceptInsecureCerts: false, browserName: MicrosoftEdge, browserVersion: 143.0.3650.139, fedcm:accounts: true, goog:processID: 24124, ms:edgeOptions: {debuggerAddress: localhost:56885}, msedge: {msedgedriverVersion: 143.0.3650.139 (30ed6d0ef65..., userDataDir: C:\Users\SREEANVI\AppData\L...}, networkConnectionEnabled: false, pageLoadStrategy: normal, platformName: Windows 11, proxy: Proxy(), se:bidiEnabled: false, se:cdp: ws://192.168.1.171:4444/ses..., se:cdpVersion: 143.0.3650.139, setWindowRect: true, strictFileInteractability: false, timeouts: {implicit: 0, pageLoad: 300000, script: 30000}, unhandledPromptBehavior: dismiss and notify, webauthn:extension:credBlob: true, webauthn:extension:largeBlob: true, webauthn:extension:minPinLength: true, webauthn:extension:prf: true, webauthn:virtualAuthenticators: true}
Element: [[RemoteWebDriver: MicrosoftEdge on Windows 11 (947edf54a9e02a9909b266c6197d88ff)] -> xpath: //a[normalize-space()='HP LP3065']]
Session ID: 947edf54a9e02a9909b266c6197d88ff
at testCases.TC04_CompletePurchase.testCompletePurchase(TC04_CompletePurchase.java:83)
at java.base/java.util.ArrayList.forEach(ArrayList.java:1596)
at java.base/java.util.concurrent.FutureTask.run(FutureTask.java:317)
at java.base/java.util.concurrent.ThreadPoolExecutor.runWorker(ThreadPoolExecutor.java:1144)
at java.base/java.util.concurrent.ThreadPoolExecutor$Worker.run(ThreadPoolExecutor.java:642)
at java.base/java.lang.Thread.run(Thread.java:1583)
... Removed 16 stack frames]]>
    </failure>
  </testcase> <!-- testCompletePurchase -->
</testsuite> <!-- edgeTest -->
