<?xml version="1.0" encoding="UTF-8"?>
<!-- Generated by org.testng.reporters.JUnitReportReporter -->
<testsuite hostname="SREE-ANVI" failures="0" tests="15" name="testCases.TC02_Login" time="58.098" errors="0" timestamp="2026-01-09T12:32:28 EST" skipped="0">
  <testcase classname="testCases.TC02_Login" name="testLogin" time="4.292"/>
  <testcase classname="testCases.TC02_Login" name="testLogin" time="5.382"/>
  <testcase classname="testCases.TC02_Login" name="testLogin" time="6.647"/>
  <testcase classname="testCases.TC02_Login" name="testLogin" time="1.302"/>
  <testcase classname="testCases.TC02_Login" name="testLogin" time="1.295"/>
  <testcase classname="testCases.TC02_Login" name="testLogin" time="4.981"/>
  <testcase classname="testCases.TC02_Login" name="testLogin" time="1.268"/>
  <testcase classname="testCases.TC02_Login" name="testLogin" time="1.448"/>
  <testcase classname="testCases.TC02_Login" name="testLogin" time="4.935"/>
  <testcase classname="testCases.TC02_Login" name="testLogin" time="5.828"/>
  <testcase classname="testCases.TC02_Login" name="testLogin" time="4.704"/>
  <testcase classname="testCases.TC02_Login" name="testLogin" time="5.675"/>
  <testcase classname="testCases.TC02_Login" name="testLogin" time="3.772"/>
  <testcase classname="testCases.TC02_Login" name="testLogin" time="4.910"/>
  <testcase classname="testCases.TC02_Login" name="testLogin" time="1.659"/>
</testsuite> <!-- testCases.TC02_Login -->
