<?xml version="1.0" encoding="UTF-8"?>
<!-- Generated by org.testng.reporters.JUnitReportReporter -->
<testsuite hostname="SREE-ANVI" failures="0" tests="3" name="testCases.TC01_LaunchApplication" time="0.689" errors="0" timestamp="2026-01-09T12:32:28 EST" skipped="0">
  <testcase classname="testCases.TC01_LaunchApplication" name="testLaunchApplication" time="0.134"/>
  <testcase classname="testCases.TC01_LaunchApplication" name="testLaunchApplication" time="0.105"/>
  <testcase classname="testCases.TC01_LaunchApplication" name="testLaunchApplication" time="0.450"/>
</testsuite> <!-- testCases.TC01_LaunchApplication -->
