<?xml version="1.0" encoding="UTF-8"?>
<!-- Generated by org.testng.reporters.JUnitReportReporter -->
<testsuite hostname="SREE-ANVI" failures="0" tests="3" name="testCases.TC06_AddAffiliate" time="26.029" errors="0" timestamp="2026-01-09T12:32:28 EST" skipped="0">
  <testcase classname="testCases.TC06_AddAffiliate" name="testAddAffiliate" time="5.135"/>
  <testcase classname="testCases.TC06_AddAffiliate" name="testAddAffiliate" time="11.385"/>
  <testcase classname="testCases.TC06_AddAffiliate" name="testAddAffiliate" time="9.509"/>
</testsuite> <!-- testCases.TC06_AddAffiliate -->
