<?xml version="1.0" encoding="UTF-8"?>
<!-- Generated by org.testng.reporters.JUnitReportReporter -->
<testsuite hostname="SREE-ANVI" failures="0" tests="15" name="testCases.TC02_Login" time="38.778" errors="0" timestamp="2026-01-12T05:22:55 EST" skipped="0">
  <testcase classname="testCases.TC02_Login" name="testLogin" time="1.892"/>
  <testcase classname="testCases.TC02_Login" name="testLogin" time="2.261"/>
  <testcase classname="testCases.TC02_Login" name="testLogin" time="2.230"/>
  <testcase classname="testCases.TC02_Login" name="testLogin" time="2.407"/>
  <testcase classname="testCases.TC02_Login" name="testLogin" time="4.355"/>
  <testcase classname="testCases.TC02_Login" name="testLogin" time="3.426"/>
  <testcase classname="testCases.TC02_Login" name="testLogin" time="3.463"/>
  <testcase classname="testCases.TC02_Login" name="testLogin" time="2.532"/>
  <testcase classname="testCases.TC02_Login" name="testLogin" time="1.318"/>
  <testcase classname="testCases.TC02_Login" name="testLogin" time="1.261"/>
  <testcase classname="testCases.TC02_Login" name="testLogin" time="3.810"/>
  <testcase classname="testCases.TC02_Login" name="testLogin" time="1.355"/>
  <testcase classname="testCases.TC02_Login" name="testLogin" time="3.827"/>
  <testcase classname="testCases.TC02_Login" name="testLogin" time="3.319"/>
  <testcase classname="testCases.TC02_Login" name="testLogin" time="1.322"/>
</testsuite> <!-- testCases.TC02_Login -->
