<?xml version="1.0" encoding="UTF-8"?>
<!-- Generated by org.testng.reporters.JUnitReportReporter -->
<testsuite hostname="SREE-ANVI" failures="0" tests="3" name="testCases.TC06_AddAffiliate" time="20.322" errors="0" timestamp="2026-01-12T05:22:55 EST" skipped="0">
  <testcase classname="testCases.TC06_AddAffiliate" name="testAddAffiliate" time="3.557"/>
  <testcase classname="testCases.TC06_AddAffiliate" name="testAddAffiliate" time="8.927"/>
  <testcase classname="testCases.TC06_AddAffiliate" name="testAddAffiliate" time="7.838"/>
</testsuite> <!-- testCases.TC06_AddAffiliate -->
