<?xml version="1.0" encoding="UTF-8"?>
<!-- Generated by org.testng.reporters.JUnitReportReporter -->
<testsuite hostname="SREE-ANVI" failures="0" tests="3" name="testCases.TC01_LaunchApplication" time="0.418" errors="0" timestamp="2026-01-12T05:22:55 EST" skipped="0">
  <testcase classname="testCases.TC01_LaunchApplication" name="testLaunchApplication" time="0.168"/>
  <testcase classname="testCases.TC01_LaunchApplication" name="testLaunchApplication" time="0.220"/>
  <testcase classname="testCases.TC01_LaunchApplication" name="testLaunchApplication" time="0.030"/>
</testsuite> <!-- testCases.TC01_LaunchApplication -->
