<?xml version="1.0" encoding="UTF-8"?>
<!-- Generated by org.testng.reporters.JUnitReportReporter -->
<testsuite hostname="SREE-ANVI" failures="0" tests="3" name="testCases.TC05_AddToWishList" time="16.120" errors="0" timestamp="2026-01-12T05:22:55 EST" skipped="0">
  <testcase classname="testCases.TC05_AddToWishList" name="testAddToWishList" time="3.469"/>
  <testcase classname="testCases.TC05_AddToWishList" name="testAddToWishList" time="6.765"/>
  <testcase classname="testCases.TC05_AddToWishList" name="testAddToWishList" time="5.886"/>
</testsuite> <!-- testCases.TC05_AddToWishList -->
